<?xml version="1.0" encoding="UTF-8"?>
<testsuite xmlns:xsi="http://www.w3.org/2001/XMLSchema-instance" xsi:noNamespaceSchemaLocation="https://maven.apache.org/surefire/maven-surefire-plugin/xsd/surefire-test-report.xsd" name="com.yyjj.reading.ApiTest" time="7.768" tests="2" errors="0" skipped="0" failures="0">
  <properties>
[...]
</properties>
  <testcase name="testBuilderControllersApi" classname="com.yyjj.reading.ApiTest" time="7.253"/>
  <testcase name="testBuilderControllersApiSimple" classname="com.yyjj.reading.ApiTest" time="0.5"/>
</testsuite>